Build started 7/4/2013 10:43:20 PM.
     1>Project "C:\Users\agro\documents\visual studio 2010\Projects\DERPGVX\DERPGVX\DERPGVX.vcxproj" on node 2 (build target(s)).
     1>InitializeBuildStatus:
         Creating "Debug\DERPGVX.unsuccessfulbuild" because "AlwaysCreate" was specified.
       ClCompile:
         C:\Program Files (x86)\Microsoft Visual Studio 10.0\VC\bin\CL.exe /c /ZI /nologo /W3 /WX- /Od /Oy- /D _WINDLL /D _MBCS /Gm /EHsc /RTC1 /MDd /GS /fp:precise /Zc:wchar_t /Zc:forScope /Fo"Debug\\" /Fd"Debug\vc100.pdb" /Gd /TP /analyze- /errorReport:prompt derpgvx.cpp
         derpgvx.cpp
       Link:
         C:\Program Files (x86)\Microsoft Visual Studio 10.0\VC\bin\link.exe /ERRORREPORT:PROMPT /OUT:"C:\Users\agro\documents\visual studio 2010\Projects\DERPGVX\Debug\DERPGVX.dll" /NOLOGO ws2_32.lib kernel32.lib user32.lib gdi32.lib winspool.lib comdlg32.lib advapi32.lib shell32.lib ole32.lib oleaut32.lib uuid.lib odbc32.lib odbccp32.lib /MANIFEST /ManifestFile:"Debug\DERPGVX.dll.intermediate.manifest" /MANIFESTUAC:"level='asInvoker' uiAccess='false'" /DEBUG /PDB:"C:\Users\agro\documents\visual studio 2010\Projects\DERPGVX\Debug\DERPGVX.pdb" /TLBID:1 /DYNAMICBASE /NXCOMPAT /IMPLIB:"C:\Users\agro\documents\visual studio 2010\Projects\DERPGVX\Debug\DERPGVX.lib" /MACHINE:X86 /DLL Debug\derpgvx.obj
         Debug\globals.obj
         Debug\vsocket.obj
         LINK : C:\Users\agro\documents\visual studio 2010\Projects\DERPGVX\Debug\DERPGVX.dll not found or not built by the last incremental link; performing full link
            Creating library C:\Users\agro\documents\visual studio 2010\Projects\DERPGVX\Debug\DERPGVX.lib and object C:\Users\agro\documents\visual studio 2010\Projects\DERPGVX\Debug\DERPGVX.exp
         DERPGVX.vcxproj -> C:\Users\agro\documents\visual studio 2010\Projects\DERPGVX\Debug\DERPGVX.dll
       Manifest:
         C:\Program Files (x86)\Microsoft SDKs\Windows\v7.0A\bin\mt.exe /nologo /verbose /outputresource:"C:\Users\agro\documents\visual studio 2010\Projects\DERPGVX\Debug\DERPGVX.dll;#2" /manifest Debug\DERPGVX.dll.intermediate.manifest
       FinalizeBuildStatus:
         Deleting file "Debug\DERPGVX.unsuccessfulbuild".
         Touching "Debug\DERPGVX.lastbuildstate".
     1>Done Building Project "C:\Users\agro\documents\visual studio 2010\Projects\DERPGVX\DERPGVX\DERPGVX.vcxproj" (build target(s)).

Build succeeded.

Time Elapsed 00:00:01.70
